Traceback (most recent call last):
  File "/usr/local/lib/python3.10/dist-packages/jupyter_cache/executors/utils.py", line 58, in single_nb_execution
    executenb(
  File "/usr/local/lib/python3.10/dist-packages/nbclient/client.py", line 1305, in execute
    return NotebookClient(nb=nb, resources=resources, km=km, **kwargs).execute()
  File "/usr/local/lib/python3.10/dist-packages/jupyter_core/utils/__init__.py", line 166, in wrapped
    return loop.run_until_complete(inner)
  File "/usr/lib/python3.10/asyncio/base_events.py", line 649, in run_until_complete
    return future.result()
  File "/usr/local/lib/python3.10/dist-packages/nbclient/client.py", line 705, in async_execute
    await self.async_execute_cell(
  File "/usr/local/lib/python3.10/dist-packages/nbclient/client.py", line 1058, in async_execute_cell
    await self._check_raise_for_error(cell, cell_index, exec_reply)
  File "/usr/local/lib/python3.10/dist-packages/nbclient/client.py", line 914, in _check_raise_for_error
    raise CellExecutionError.from_cell_and_msg(cell, exec_reply_content)
nbclient.exceptions.CellExecutionError: An error occurred while executing the following cell:
------------------
words = []
for i in range (len(steaming)):
  tokens = word_tokenize(steaming[i])
  listStopword =  set(stopwords.words('indonesian'))
  
  removed = []
  for t in tokens:
      if t not in listStopword:
          removed.append(t)
  
  words.append(removed)
  print(removed)
------------------


[0;31m[0m
[0;31mNameError[0mTraceback (most recent call last)
[0;32m<ipython-input-8-3157f9a88097>[0m in [0;36m<cell line: 2>[0;34m()[0m
[1;32m      1[0m [0mwords[0m [0;34m=[0m [0;34m[[0m[0;34m][0m[0;34m[0m[0;34m[0m[0m
[0;32m----> 2[0;31m [0;32mfor[0m [0mi[0m [0;32min[0m [0mrange[0m [0;34m([0m[0mlen[0m[0;34m([0m[0msteaming[0m[0;34m)[0m[0;34m)[0m[0;34m:[0m[0;34m[0m[0;34m[0m[0m
[0m[1;32m      3[0m   [0mtokens[0m [0;34m=[0m [0mword_tokenize[0m[0;34m([0m[0msteaming[0m[0;34m[[0m[0mi[0m[0;34m][0m[0;34m)[0m[0;34m[0m[0;34m[0m[0m
[1;32m      4[0m   [0mlistStopword[0m [0;34m=[0m  [0mset[0m[0;34m([0m[0mstopwords[0m[0;34m.[0m[0mwords[0m[0;34m([0m[0;34m'indonesian'[0m[0;34m)[0m[0;34m)[0m[0;34m[0m[0;34m[0m[0m
[1;32m      5[0m [0;34m[0m[0m

[0;31mNameError[0m: name 'steaming' is not defined

